<?xml version="1.0" encoding="UTF-8"?>
<!-- Generated by org.testng.reporters.JUnitReportReporter -->
<testsuite hostname="PRFT-16767" failures="0" tests="1" name="xboxtestcases.GamertagSearch" time="10.785" errors="0" timestamp="3 Mar 2022 22:17:57 GMT">
  <testcase classname="xboxtestcases.GamertagSearch" name="testGameList" time="10.785"/>
</testsuite> <!-- xboxtestcases.GamertagSearch -->
