<?xml version="1.0" encoding="UTF-8"?>
<!-- Generated by org.testng.reporters.JUnitReportReporter -->
<testsuite hostname="PRFT-16767" failures="0" tests="1" name="xboxtestcases.LeaderboardTest" time="10.927" errors="0" timestamp="3 Mar 2022 18:19:55 GMT">
  <testcase classname="xboxtestcases.LeaderboardTest" name="testLeaderBoardPage" time="10.927"/>
</testsuite> <!-- xboxtestcases.LeaderboardTest -->
